{"ts":"2026-04-13T05:11:05.695Z","tool":"pyxis_get_token","args":{"username":"sandbox","password":"[redacted]"},"status":"Success","durationMs":2}
{"ts":"2026-04-13T05:51:07.790Z","tool":"pyxis_get_token","args":{"username":"sandbox","password":"[redacted]"},"status":"Success","durationMs":6}
{"ts":"2026-04-13T05:54:37.480Z","tool":"pyxis_sale","args":{"bearerToken":"46aed463...","terminalId":"a1b2c3d4-e5f6-7890-abcd-ef1234567890","accountInfo":{"accountNumber":"424242****4242","accountType":"Visa","accountAccessory":"012030"},"totalAmount":"100"},"status":"Success","durationMs":7}
{"ts":"2026-04-13T05:55:37.797Z","tool":"pyxis_get_token","args":{"username":"sandbox","password":"[redacted]"},"status":"Success","durationMs":1}
{"ts":"2026-04-13T05:56:08.760Z","tool":"pyxis_sale","args":{"bearerToken":"79b8c64e...","terminalId":"a1b2c3d4-e5f6-7890-abcd-ef1234567890","accountInfo":{"accountNumber":"411111****1111","accountType":"Visa","accountAccessory":"12.2026"},"totalAmount":"100"},"status":"Success","durationMs":0}
{"ts":"2026-04-13T06:02:05.100Z","tool":"pyxis_get_token","args":{"username":"sandbox","password":"[redacted]"},"status":"Success","durationMs":0}
{"ts":"2026-04-13T06:02:20.401Z","tool":"pyxis_get_token","args":{"username":"sandbox","password":"[redacted]"},"status":"Success","durationMs":1}
{"ts":"2026-04-13T06:03:13.748Z","tool":"pyxis_sale","args":{"bearerToken":"19f39750...","terminalId":"a1b2c3d4-e5f6-7890-abcd-ef1234567890","accountInfo":{"accountNumber":"411111****1111","accountType":"Visa","accountAccessory":"12.2026"},"totalAmount":"100"},"status":"Success","durationMs":0}
{"ts":"2026-04-13T06:03:25.363Z","tool":"pyxis_settle_transactions","args":{"bearerToken":"19f39750...","terminalId":"a1b2c3d4-e5f6-7890-abcd-ef1234567890","olderThanHours":0},"status":"Success","durationMs":4}
{"ts":"2026-04-13T06:03:25.383Z","tool":"pyxis_settle_transactions","args":{"bearerToken":"19f39750...","terminalId":"a1b2c3d4-e5f6-7890-abcd-ef1234567890","olderThanHours":0},"status":"Success","durationMs":0}
{"ts":"2026-04-13T06:03:25.400Z","tool":"pyxis_refund","args":{"bearerToken":"19f39750...","terminalId":"a1b2c3d4-e5f6-7890-abcd-ef1234567890","transactionToRefundId":"a9099a4c-da68-4eef-b181-80d8c0ffe9c3"},"status":"Success","durationMs":2}
{"ts":"2026-04-13T06:03:53.986Z","tool":"pyxis_sale","args":{"bearerToken":"19f39750...","terminalId":"a1b2c3d4-e5f6-7890-abcd-ef1234567890","accountInfo":{"accountNumber":"411111****1111","accountType":"Visa","accountAccessory":"12.2026"},"totalAmount":"200"},"status":"Success","durationMs":3}
{"ts":"2026-04-13T06:06:30.809Z","tool":"pyxis_get_token","args":{"username":"sandbox","password":"[redacted]"},"status":"Success","durationMs":0}
{"ts":"2026-04-13T06:06:55.135Z","tool":"pyxis_get_token","args":{"username":"sandbox","password":"[redacted]"},"status":"Success","durationMs":6}
{"ts":"2026-04-13T06:14:01.592Z","tool":"pyxis_get_token","args":{"username":"sandbox","password":"[redacted]"},"status":"Success","durationMs":1}
{"ts":"2026-04-13T06:14:28.171Z","tool":"pyxis_get_token","args":{"username":"sandbox","password":"[redacted]"},"status":"Success","durationMs":0}
{"ts":"2026-04-13T06:14:41.230Z","tool":"pyxis_sale","args":{"bearerToken":"250bac60...","terminalId":"a1b2c3d4-e5f6-7890-abcd-ef1234567890","accountInfo":{"accountNumber":"411111****1111","accountType":"Visa","accountAccessory":"12.2026"},"totalAmount":"100"},"status":"Success","durationMs":0}
{"ts":"2026-04-13T06:14:55.130Z","tool":"pyxis_get_token","args":{"username":"sandbox","password":"[redacted]"},"status":"Success","durationMs":1}
{"ts":"2026-04-13T06:19:10.503Z","tool":"pyxis_get_token","args":{"username":"sandbox","password":"[redacted]"},"status":"Success","durationMs":1}
{"ts":"2026-04-13T06:20:57.334Z","tool":"pyxis_get_token","args":{"username":"sandbox","password":"[redacted]"},"status":"Success","durationMs":1}
{"ts":"2026-04-13T06:21:02.313Z","tool":"pyxis_get_token","args":{"username":"sandbox","password":"[redacted]"},"status":"Success","durationMs":1}
{"ts":"2026-04-13T06:25:06.824Z","tool":"pyxis_get_token","args":{"username":"sandbox","password":"[redacted]"},"status":"Success","durationMs":1}
{"ts":"2026-04-13T06:26:02.906Z","tool":"pyxis_get_token","args":{"username":"sandbox","password":"[redacted]"},"status":"Success","durationMs":3}
{"ts":"2026-04-13T06:40:09.269Z","tool":"pyxis_get_token","args":{"username":"sandbox","password":"[redacted]"},"status":"Success","durationMs":6}
{"ts":"2026-04-13T06:40:41.661Z","tool":"pyxis_get_token","args":{"username":"sandbox","password":"[redacted]"},"status":"Success","durationMs":0}
{"ts":"2026-04-13T06:40:49.133Z","tool":"pyxis_get_token","args":{"username":"sandbox","password":"[redacted]"},"status":"Success","durationMs":0}
{"ts":"2026-04-13T06:41:00.086Z","tool":"pyxis_sale","args":{"bearerToken":"8c16ef77...","terminalId":"a1b2c3d4-e5f6-7890-abcd-ef1234567890","accountInfo":{"accountNumber":"411111****1111","accountType":"Visa","accountAccessory":"12.2026"},"totalAmount":"1000"},"status":"Success","durationMs":3}
{"ts":"2026-04-13T06:41:25.868Z","tool":"pyxis_sale","args":{"bearerToken":"8c16ef77...","terminalId":"a1b2c3d4-e5f6-7890-abcd-ef1234567890","accountInfo":{"accountNumber":"123456789","accountType":"Visa","accountAccessory":"012030"},"totalAmount":"100"},"status":"Success","durationMs":1}
{"ts":"2026-04-13T06:41:34.185Z","tool":"pyxis_settle_transactions","args":{"bearerToken":"8c16ef77...","terminalId":"a1b2c3d4-e5f6-7890-abcd-ef1234567890","olderThanHours":0},"status":"Success","durationMs":10}
{"ts":"2026-04-13T06:41:34.194Z","tool":"pyxis_settle_transactions","args":{"bearerToken":"8c16ef77...","terminalId":"a1b2c3d4-e5f6-7890-abcd-ef1234567890","olderThanHours":0},"status":"Success","durationMs":0}
{"ts":"2026-04-13T06:41:34.200Z","tool":"pyxis_refund","args":{"bearerToken":"8c16ef77...","terminalId":"a1b2c3d4-e5f6-7890-abcd-ef1234567890","transactionToRefundId":"6aceea7a-3f05-4a50-bb7e-4bf9db4a40c8"},"status":"Success","durationMs":1}
{"ts":"2026-04-13T14:46:05.161Z","tool":"pyxis_sale","args":{"bearerToken":"8c16ef77...","terminalId":"a1b2c3d4-e5f6-7890-abcd-ef1234567890","accountInfo":{"accountNumber":"123456****9012","accountType":"Visa","accountAccessory":"012030"},"totalAmount":"500"},"status":"Success","durationMs":7}
{"ts":"2026-04-14T17:07:03.888Z","tool":"pyxis_sale","args":{"bearerToken":"8c16ef77...","terminalId":"a1b2c3d4-e5f6-7890-abcd-ef1234567890","accountInfo":{"accountNumber":"411111****1111","accountType":"Visa","accountAccessory":"12.2026"},"totalAmount":"123400"},"status":"Success","durationMs":14}
{"ts":"2026-04-14T17:12:07.521Z","tool":"pyxis_get_token","args":{"username":"sandbox","password":"[redacted]"},"status":"Success","durationMs":1}
{"ts":"2026-04-14T17:12:12.596Z","tool":"pyxis_get_token","args":{"username":"sandbox","password":"[redacted]"},"status":"Success","durationMs":2}
{"ts":"2026-04-14T17:22:16.474Z","tool":"pyxis_get_token","args":{"username":"sandbox","password":"[redacted]"},"status":"Success","durationMs":0}
{"ts":"2026-04-14T17:22:39.844Z","tool":"pyxis_sale","args":{"bearerToken":"ee1894f0...","terminalId":"a1b2c3d4-e5f6-7890-abcd-ef1234567890","accountInfo":{"accountNumber":"411111****1111","accountType":"Visa","accountAccessory":"12.2026"},"totalAmount":"10000"},"status":"Success","durationMs":3}
{"ts":"2026-04-14T17:23:20.661Z","tool":"pyxis_sale","args":{"bearerToken":"ee1894f0...","terminalId":"a1b2c3d4-e5f6-7890-abcd-ef1234567890","accountInfo":{"accountNumber":"123456****9012","accountType":"Visa","accountAccessory":"203001"},"totalAmount":"10000"},"status":"Success","durationMs":1}
{"ts":"2026-04-14T17:23:43.225Z","tool":"pyxis_settle_transactions","args":{"bearerToken":"ee1894f0...","terminalId":"a1b2c3d4-e5f6-7890-abcd-ef1234567890","olderThanHours":0},"status":"Success","durationMs":1}
{"ts":"2026-04-14T17:23:43.237Z","tool":"pyxis_settle_transactions","args":{"bearerToken":"ee1894f0...","terminalId":"a1b2c3d4-e5f6-7890-abcd-ef1234567890","olderThanHours":0},"status":"Success","durationMs":1}
{"ts":"2026-04-14T17:23:43.264Z","tool":"pyxis_refund","args":{"bearerToken":"ee1894f0...","terminalId":"a1b2c3d4-e5f6-7890-abcd-ef1234567890","transactionToRefundId":"990b74ac-8a84-418a-84c4-2a21a1e89ca2"},"status":"Success","durationMs":1}
{"ts":"2026-04-14T17:25:05.324Z","tool":"pyxis_get_token","args":{"username":"sandbox","password":"[redacted]"},"status":"Success","durationMs":5}
{"ts":"2026-04-14T17:25:33.455Z","tool":"pyxis_get_token","args":{"username":"sandbox","password":"[redacted]"},"status":"Success","durationMs":0}
{"ts":"2026-04-14T17:26:09.681Z","tool":"pyxis_get_token","args":{"username":"sandbox","password":"[redacted]"},"status":"Success","durationMs":1}
{"ts":"2026-04-14T17:26:31.219Z","tool":"pyxis_sale","args":{"bearerToken":"eb163bbc...","terminalId":"a1b2c3d4-e5f6-7890-abcd-ef1234567890","accountInfo":{"accountNumber":"411111****1111","accountType":"Visa","accountAccessory":"12.2026"},"totalAmount":"100000"},"status":"Success","durationMs":2}
{"ts":"2026-04-14T17:29:28.892Z","tool":"pyxis_sale","args":{"bearerToken":"eb163bbc...","terminalId":"a1b2c3d4-e5f6-7890-abcd-ef1234567890","accountInfo":{"accountNumber":"411111****1111","accountType":"Visa","accountAccessory":"12.2026"},"totalAmount":"120000"},"status":"Success","durationMs":0}
{"ts":"2026-04-14T17:29:50.854Z","tool":"pyxis_settle_transactions","args":{"bearerToken":"eb163bbc...","terminalId":"a1b2c3d4-e5f6-7890-abcd-ef1234567890","olderThanHours":0},"status":"Success","durationMs":1}
{"ts":"2026-04-14T17:29:50.860Z","tool":"pyxis_settle_transactions","args":{"bearerToken":"eb163bbc...","terminalId":"a1b2c3d4-e5f6-7890-abcd-ef1234567890","olderThanHours":0},"status":"Success","durationMs":0}
{"ts":"2026-04-14T17:29:50.869Z","tool":"pyxis_refund","args":{"bearerToken":"eb163bbc...","terminalId":"a1b2c3d4-e5f6-7890-abcd-ef1234567890","transactionToRefundId":"d778bd0d-e4af-4a77-87c8-e3560c988539"},"status":"Success","durationMs":1}
{"ts":"2026-04-14T17:40:04.532Z","tool":"pyxis_get_token","args":{"username":"sandbox","password":"[redacted]"},"status":"Success","durationMs":0}
{"ts":"2026-04-14T17:51:32.554Z","tool":"pyxis_sale","args":{"bearerToken":"93f4b71a...","terminalId":"a1b2c3d4-e5f6-7890-abcd-ef1234567890","accountInfo":{"accountNumber":"411111****1111","accountType":"Visa","accountAccessory":"12.2026"},"totalAmount":"10000"},"status":"Success","durationMs":5}
{"ts":"2026-04-14T17:51:39.674Z","tool":"pyxis_settle_transactions","args":{"bearerToken":"93f4b71a...","terminalId":"a1b2c3d4-e5f6-7890-abcd-ef1234567890","olderThanHours":0},"status":"Success","durationMs":1}
{"ts":"2026-04-14T17:51:39.680Z","tool":"pyxis_settle_transactions","args":{"bearerToken":"93f4b71a...","terminalId":"a1b2c3d4-e5f6-7890-abcd-ef1234567890","olderThanHours":0},"status":"Success","durationMs":0}
{"ts":"2026-04-14T17:51:39.685Z","tool":"pyxis_refund","args":{"bearerToken":"93f4b71a...","terminalId":"a1b2c3d4-e5f6-7890-abcd-ef1234567890","transactionToRefundId":"f100e429-83fb-47a0-b592-5c94e1f51099"},"status":"Success","durationMs":0}
{"ts":"2026-04-14T22:03:12.533Z","tool":"pyxis_get_token","args":{"username":"sandbox","password":"[redacted]"},"status":"Success","durationMs":8}
{"ts":"2026-04-14T22:03:41.494Z","tool":"pyxis_get_token","args":{"username":"sandbox","password":"[redacted]"},"status":"Success","durationMs":1}
{"ts":"2026-04-14T22:03:45.205Z","tool":"pyxis_get_token","args":{"username":"sandbox","password":"[redacted]"},"status":"Success","durationMs":0}
{"ts":"2026-04-14T22:03:57.267Z","tool":"pyxis_sale","args":{"bearerToken":"3b6557be...","terminalId":"a1b2c3d4-e5f6-7890-abcd-ef1234567890","accountInfo":{"accountNumber":"411111****1111","accountType":"Visa","accountAccessory":"12.2026"},"totalAmount":"10000"},"status":"Success","durationMs":2}
{"ts":"2026-04-14T22:04:24.307Z","tool":"pyxis_sale","args":{"bearerToken":"3b6557be...","terminalId":"a1b2c3d4-e5f6-7890-abcd-ef1234567890","accountInfo":{"accountNumber":"123456****9012","accountType":"Visa","accountAccessory":"203002"},"totalAmount":"500000"},"status":"Success","durationMs":1}
{"ts":"2026-04-14T22:04:31.515Z","tool":"pyxis_settle_transactions","args":{"bearerToken":"3b6557be...","terminalId":"a1b2c3d4-e5f6-7890-abcd-ef1234567890","olderThanHours":0},"status":"Success","durationMs":1}
{"ts":"2026-04-14T22:04:31.523Z","tool":"pyxis_settle_transactions","args":{"bearerToken":"3b6557be...","terminalId":"a1b2c3d4-e5f6-7890-abcd-ef1234567890","olderThanHours":0},"status":"Success","durationMs":0}
{"ts":"2026-04-14T22:04:31.528Z","tool":"pyxis_refund","args":{"bearerToken":"3b6557be...","terminalId":"a1b2c3d4-e5f6-7890-abcd-ef1234567890","transactionToRefundId":"6d692b08-1d3f-46c6-9613-fc021731e998"},"status":"Success","durationMs":0}
{"ts":"2026-04-14T22:08:39.896Z","tool":"pyxis_get_token","args":{"username":"sandbox","password":"[redacted]"},"status":"Success","durationMs":0}
{"ts":"2026-04-14T22:08:50.492Z","tool":"pyxis_sale","args":{"bearerToken":"80e2b5ed...","terminalId":"a1b2c3d4-e5f6-7890-abcd-ef1234567890","accountInfo":{"accountNumber":"411111****1111","accountType":"Visa","accountAccessory":"12.2026"},"totalAmount":"20000"},"status":"Success","durationMs":1}
{"ts":"2026-04-14T22:09:14.603Z","tool":"pyxis_sale","args":{"bearerToken":"80e2b5ed...","terminalId":"a1b2c3d4-e5f6-7890-abcd-ef1234567890","accountInfo":{"accountNumber":"234567****0123","accountType":"Visa","accountAccessory":"203002"},"totalAmount":"500000"},"status":"Success","durationMs":0}
{"ts":"2026-04-14T22:09:21.059Z","tool":"pyxis_settle_transactions","args":{"bearerToken":"80e2b5ed...","terminalId":"a1b2c3d4-e5f6-7890-abcd-ef1234567890","olderThanHours":0},"status":"Success","durationMs":1}
{"ts":"2026-04-14T22:09:21.065Z","tool":"pyxis_settle_transactions","args":{"bearerToken":"80e2b5ed...","terminalId":"a1b2c3d4-e5f6-7890-abcd-ef1234567890","olderThanHours":0},"status":"Success","durationMs":0}
{"ts":"2026-04-14T22:09:21.078Z","tool":"pyxis_refund","args":{"bearerToken":"80e2b5ed...","terminalId":"a1b2c3d4-e5f6-7890-abcd-ef1234567890","transactionToRefundId":"aba6d4ce-6433-469a-ad10-b57124c1fc8b"},"status":"Success","durationMs":1}
